<?xml version="1.0" encoding="UTF-8"?>
<testsuite name="AirportTest" tests="2" skipped="0" failures="0" errors="0" timestamp="2019-06-19T09:15:15" hostname="Anthonys-MacBook-Pro.local" time="0.011">
  <properties/>
  <testcase name="landPlane()" classname="AirportTest" time="0.009"/>
  <testcase name="weatherStatus()" classname="AirportTest" time="0.001"/>
  <system-out><![CDATA[]]></system-out>
  <system-err><![CDATA[]]></system-err>
</testsuite>
